<?xml version="1.0" encoding="UTF-8"?>
<!-- Generated by org.testng.reporters.JUnitReportReporter -->
<testsuite skipped="0" hostname="Shyamly" name="TestCases.ForgotPassword_TC06" tests="1" failures="0" timestamp="10 Nov 2018 18:19:33 GMT" time="18.390" errors="0">
  <testcase name="forgotpassword_Scenario" time="18.390" classname="TestCases.ForgotPassword_TC06"/>
</testsuite> <!-- TestCases.ForgotPassword_TC06 -->
