<?xml version="1.0" encoding="UTF-8"?>
<!-- Generated by org.testng.reporters.JUnitReportReporter -->
<testsuite skipped="1" hostname="Shyamly" name="TestCases.Registration_TC01" tests="2" failures="0" timestamp="10 Nov 2018 18:23:56 GMT" time="20.148" errors="0">
  <testcase name="login_TC" time="20.148" classname="TestCases.Registration_TC01"/>
  <testcase name="registration_TC" classname="TestCases.Registration_TC01">
    <skipped/>
  </testcase> <!-- registration_TC -->
</testsuite> <!-- TestCases.Registration_TC01 -->
