<?xml version="1.0" encoding="UTF-8"?>
<!-- Generated by org.testng.reporters.JUnitReportReporter -->
<testsuite skipped="0" hostname="Shyamly" name="automationFramework.UDF_TC" tests="1" failures="0" timestamp="07 Nov 2018 09:09:01 GMT" time="19.717" errors="0">
  <testcase name="main" time="19.717" classname="automationFramework.UDF_TC"/>
</testsuite> <!-- automationFramework.UDF_TC -->
