<?xml version="1.0" encoding="UTF-8"?>
<!-- Generated by org.testng.reporters.JUnitReportReporter -->
<testsuite skipped="0" hostname="Shyamly" name="TestCases.Password_characters_TC07" tests="1" failures="0" timestamp="10 Nov 2018 14:50:32 GMT" time="26.817" errors="0">
  <testcase name="Eightcharacterpassword_TC" time="26.817" classname="TestCases.Password_characters_TC07"/>
</testsuite> <!-- TestCases.Password_characters_TC07 -->
