<?xml version="1.0" encoding="UTF-8"?>
<!-- Generated by org.testng.reporters.JUnitReportReporter -->
<testsuite skipped="0" hostname="Shyamly" name="TestCases.Negative_TC04" tests="1" failures="0" timestamp="10 Nov 2018 14:50:32 GMT" time="23.473" errors="0">
  <testcase name="BlankPassword_Scenario" time="23.473" classname="TestCases.Negative_TC04"/>
</testsuite> <!-- TestCases.Negative_TC04 -->
