<?xml version="1.0" encoding="UTF-8"?>
<!-- Generated by org.testng.reporters.JUnitReportReporter -->
<testsuite skipped="0" hostname="Shyamly" name="automationFramework.TestNG_Framework" tests="1" failures="0" timestamp="07 Nov 2018 07:43:07 GMT" time="21.953" errors="0">
  <testcase name="main" time="21.953" classname="automationFramework.TestNG_Framework"/>
</testsuite> <!-- automationFramework.TestNG_Framework -->
