<?xml version="1.0" encoding="UTF-8"?>
<!-- Generated by org.testng.reporters.JUnitReportReporter -->
<testsuite skipped="0" hostname="Shyamly" name="TestCases.Negative_TC03" tests="1" failures="0" timestamp="10 Nov 2018 14:50:32 GMT" time="24.159" errors="0">
  <testcase name="IncorrectPassword_Scenario" time="24.159" classname="TestCases.Negative_TC03"/>
</testsuite> <!-- TestCases.Negative_TC03 -->
